<?xml version="1.0" encoding="utf-8"?><testsuites name="pytest tests"><testsuite name="pytest" errors="0" failures="0" skipped="0" tests="15" time="17.158" timestamp="2026-04-18T03:15:17.921386+00:00" hostname="agent-env-2bc46332-c761-4b1f-9489-28c326470b13"><testcase classname="tests.test_traffic_nexus.TestHealthEndpoint" name="test_health_returns_ok" time="0.252" /><testcase classname="tests.test_traffic_nexus.TestNetworkEndpoint" name="test_synthetic_network_3x3" time="0.152" /><testcase classname="tests.test_traffic_nexus.TestSimulationEndpoints" name="test_sim_start_and_state" time="3.296" /><testcase classname="tests.test_traffic_nexus.TestSimulationEndpoints" name="test_set_policy_learned" time="0.146" /><testcase classname="tests.test_traffic_nexus.TestSimulationEndpoints" name="test_set_policy_fixed" time="0.146" /><testcase classname="tests.test_traffic_nexus.TestSimulationEndpoints" name="test_set_policy_pressure" time="0.152" /><testcase classname="tests.test_traffic_nexus.TestSimulationEndpoints" name="test_set_policy_invalid_returns_400" time="0.125" /><testcase classname="tests.test_traffic_nexus.TestSimulationEndpoints" name="test_sim_stop" time="0.170" /><testcase classname="tests.test_traffic_nexus.TestV2XEndpoint" name="test_v2x_tail_when_running" time="4.309" /><testcase classname="tests.test_traffic_nexus.TestMLEndpoints" name="test_ml_summary_trained" time="0.142" /><testcase classname="tests.test_traffic_nexus.TestMLEndpoints" name="test_ml_metrics_returns_list" time="0.167" /><testcase classname="tests.test_traffic_nexus.TestMLEndpoints" name="test_ml_evaluate_learned_beats_fixed" time="0.915" /><testcase classname="tests.test_traffic_nexus.TestMLEndpoints" name="test_ml_train_and_status" time="6.803" /><testcase classname="tests.test_traffic_nexus.TestOSMEndpoint" name="test_osm_import_chennai" time="0.156" /><testcase classname="tests.test_traffic_nexus.TestWebSocketEndpoint" name="test_websocket_url_accessible" time="0.135" /></testsuite></testsuites>