<?xml version="1.0" encoding="utf-8"?><testsuites name="pytest tests"><testsuite name="pytest" errors="0" failures="0" skipped="0" tests="10" time="4.905" timestamp="2026-04-18T03:48:04.216151+00:00" hostname="agent-env-2bc46332-c761-4b1f-9489-28c326470b13"><testcase classname="tests.test_osm_features.TestOSMImport" name="test_osm_import_koramangala_returns_live_data" time="0.362" /><testcase classname="tests.test_osm_features.TestOSMLoadSim" name="test_osm_load_sim_koramangala" time="0.150" /><testcase classname="tests.test_osm_features.TestOSMLoadSim" name="test_osm_load_sim_bogus_place_uses_offline_fallback" time="0.115" /><testcase classname="tests.test_osm_features.TestSimStateAfterOSMLoad" name="test_sim_state_has_osm_nodes" time="1.240" /><testcase classname="tests.test_osm_features.TestSimulationStepping" name="test_simulation_steps_increase" time="2.360" /><testcase classname="tests.test_osm_features.TestRegressionCoreFeatures" name="test_health_endpoint" time="0.105" /><testcase classname="tests.test_osm_features.TestRegressionCoreFeatures" name="test_policy_fixed" time="0.104" /><testcase classname="tests.test_osm_features.TestRegressionCoreFeatures" name="test_policy_pressure" time="0.121" /><testcase classname="tests.test_osm_features.TestRegressionCoreFeatures" name="test_policy_learned" time="0.121" /><testcase classname="tests.test_osm_features.TestRegressionCoreFeatures" name="test_ml_summary" time="0.140" /></testsuite></testsuites>